Vivado Simulator 2018.2
Time resolution is 1 ps
WARNING: Too many words specified in data file tanh_data.mem
WARNING: file activations.txt could not be opened
ERROR: File descriptor (0) passed to $fscanf in file D:/Konacan_projekat_vivado/fpga-ml-accelerator/fpga-ml-accelerator.srcs/sources_1/new/accelerator_tb.v at line 65 is not valid.
ERROR: File descriptor (0) passed to $fscanf in file D:/Konacan_projekat_vivado/fpga-ml-accelerator/fpga-ml-accelerator.srcs/sources_1/new/accelerator_tb.v at line 65 is not valid.
ERROR: File descriptor (0) passed to $fscanf in file D:/Konacan_projekat_vivado/fpga-ml-accelerator/fpga-ml-accelerator.srcs/sources_1/new/accelerator_tb.v at line 65 is not valid.
ERROR: File descriptor (0) passed to $fscanf in file D:/Konacan_projekat_vivado/fpga-ml-accelerator/fpga-ml-accelerator.srcs/sources_1/new/accelerator_tb.v at line 65 is not valid.
ERROR: File descriptor (0) passed to $fscanf in file D:/Konacan_projekat_vivado/fpga-ml-accelerator/fpga-ml-accelerator.srcs/sources_1/new/accelerator_tb.v at line 65 is not valid.
ERROR: File descriptor (0) passed to $fscanf in file D:/Konacan_projekat_vivado/fpga-ml-accelerator/fpga-ml-accelerator.srcs/sources_1/new/accelerator_tb.v at line 65 is not valid.
ERROR: File descriptor (0) passed to $fscanf in file D:/Konacan_projekat_vivado/fpga-ml-accelerator/fpga-ml-accelerator.srcs/sources_1/new/accelerator_tb.v at line 65 is not valid.
ERROR: File descriptor (0) passed to $fscanf in file D:/Konacan_projekat_vivado/fpga-ml-accelerator/fpga-ml-accelerator.srcs/sources_1/new/accelerator_tb.v at line 65 is not valid.
ERROR: File descriptor (0) passed to $fscanf in file D:/Konacan_projekat_vivado/fpga-ml-accelerator/fpga-ml-accelerator.srcs/sources_1/new/accelerator_tb.v at line 65 is not valid.
ERROR: File descriptor (0) passed to $fscanf in file D:/Konacan_projekat_vivado/fpga-ml-accelerator/fpga-ml-accelerator.srcs/sources_1/new/accelerator_tb.v at line 65 is not valid.
ERROR: File descriptor (0) passed to $fscanf in file D:/Konacan_projekat_vivado/fpga-ml-accelerator/fpga-ml-accelerator.srcs/sources_1/new/accelerator_tb.v at line 65 is not valid.
ERROR: File descriptor (0) passed to $fscanf in file D:/Konacan_projekat_vivado/fpga-ml-accelerator/fpga-ml-accelerator.srcs/sources_1/new/accelerator_tb.v at line 65 is not valid.
ERROR: File descriptor (0) passed to $fscanf in file D:/Konacan_projekat_vivado/fpga-ml-accelerator/fpga-ml-accelerator.srcs/sources_1/new/accelerator_tb.v at line 65 is not valid.
ERROR: File descriptor (0) passed to $fscanf in file D:/Konacan_projekat_vivado/fpga-ml-accelerator/fpga-ml-accelerator.srcs/sources_1/new/accelerator_tb.v at line 65 is not valid.
ERROR: File descriptor (0) passed to $fscanf in file D:/Konacan_projekat_vivado/fpga-ml-accelerator/fpga-ml-accelerator.srcs/sources_1/new/accelerator_tb.v at line 65 is not valid.
ERROR: File descriptor (0) passed to $fscanf in file D:/Konacan_projekat_vivado/fpga-ml-accelerator/fpga-ml-accelerator.srcs/sources_1/new/accelerator_tb.v at line 65 is not valid.
ERROR: File descriptor (0) passed to $fscanf in file D:/Konacan_projekat_vivado/fpga-ml-accelerator/fpga-ml-accelerator.srcs/sources_1/new/accelerator_tb.v at line 65 is not valid.
ERROR: File descriptor (0) passed to $fscanf in file D:/Konacan_projekat_vivado/fpga-ml-accelerator/fpga-ml-accelerator.srcs/sources_1/new/accelerator_tb.v at line 65 is not valid.
ERROR: File descriptor (0) passed to $fscanf in file D:/Konacan_projekat_vivado/fpga-ml-accelerator/fpga-ml-accelerator.srcs/sources_1/new/accelerator_tb.v at line 65 is not valid.
ERROR: File descriptor (0) passed to $fscanf in file D:/Konacan_projekat_vivado/fpga-ml-accelerator/fpga-ml-accelerator.srcs/sources_1/new/accelerator_tb.v at line 65 is not valid.
ERROR: File descriptor (0) passed to $fscanf in file D:/Konacan_projekat_vivado/fpga-ml-accelerator/fpga-ml-accelerator.srcs/sources_1/new/accelerator_tb.v at line 65 is not valid.
ERROR: File descriptor (0) passed to $fscanf in file D:/Konacan_projekat_vivado/fpga-ml-accelerator/fpga-ml-accelerator.srcs/sources_1/new/accelerator_tb.v at line 65 is not valid.
ERROR: File descriptor (0) passed to $fscanf in file D:/Konacan_projekat_vivado/fpga-ml-accelerator/fpga-ml-accelerator.srcs/sources_1/new/accelerator_tb.v at line 65 is not valid.
ERROR: File descriptor (0) passed to $fscanf in file D:/Konacan_projekat_vivado/fpga-ml-accelerator/fpga-ml-accelerator.srcs/sources_1/new/accelerator_tb.v at line 65 is not valid.
ERROR: File descriptor (0) passed to $fscanf in file D:/Konacan_projekat_vivado/fpga-ml-accelerator/fpga-ml-accelerator.srcs/sources_1/new/accelerator_tb.v at line 65 is not valid.
ERROR: File descriptor (0) passed to $fscanf in file D:/Konacan_projekat_vivado/fpga-ml-accelerator/fpga-ml-accelerator.srcs/sources_1/new/accelerator_tb.v at line 65 is not valid.
ERROR: File descriptor (0) passed to $fscanf in file D:/Konacan_projekat_vivado/fpga-ml-accelerator/fpga-ml-accelerator.srcs/sources_1/new/accelerator_tb.v at line 65 is not valid.
ERROR: File descriptor (0) passed to $fscanf in file D:/Konacan_projekat_vivado/fpga-ml-accelerator/fpga-ml-accelerator.srcs/sources_1/new/accelerator_tb.v at line 65 is not valid.
ERROR: File descriptor (0) passed to $fscanf in file D:/Konacan_projekat_vivado/fpga-ml-accelerator/fpga-ml-accelerator.srcs/sources_1/new/accelerator_tb.v at line 65 is not valid.
ERROR: File descriptor (0) passed to $fscanf in file D:/Konacan_projekat_vivado/fpga-ml-accelerator/fpga-ml-accelerator.srcs/sources_1/new/accelerator_tb.v at line 65 is not valid.
ERROR: File descriptor (0) passed to $fscanf in file D:/Konacan_projekat_vivado/fpga-ml-accelerator/fpga-ml-accelerator.srcs/sources_1/new/accelerator_tb.v at line 65 is not valid.
ERROR: File descriptor (0) passed to $fscanf in file D:/Konacan_projekat_vivado/fpga-ml-accelerator/fpga-ml-accelerator.srcs/sources_1/new/accelerator_tb.v at line 65 is not valid.
ERROR: File descriptor (0) passed to $fscanf in file D:/Konacan_projekat_vivado/fpga-ml-accelerator/fpga-ml-accelerator.srcs/sources_1/new/accelerator_tb.v at line 65 is not valid.
ERROR: File descriptor (0) passed to $fscanf in file D:/Konacan_projekat_vivado/fpga-ml-accelerator/fpga-ml-accelerator.srcs/sources_1/new/accelerator_tb.v at line 65 is not valid.
ERROR: File descriptor (0) passed to $fscanf in file D:/Konacan_projekat_vivado/fpga-ml-accelerator/fpga-ml-accelerator.srcs/sources_1/new/accelerator_tb.v at line 65 is not valid.
ERROR: File descriptor (0) passed to $fscanf in file D:/Konacan_projekat_vivado/fpga-ml-accelerator/fpga-ml-accelerator.srcs/sources_1/new/accelerator_tb.v at line 65 is not valid.
$finish called at time : 920 ns : File "D:/Konacan_projekat_vivado/fpga-ml-accelerator/fpga-ml-accelerator.srcs/sources_1/new/accelerator_tb.v" Line 82
